{"uuid":"16a79a20-4c2d-4c49-9f67-87d242846ccd","historyId":"23ae7e877a915655e70c8d60fd4fe346","fullName":"e2e.TestProductSearchAndFilter.filterProductsByPrice","labels":[{"name":"package","value":"e2e.TestProductSearchAndFilter"},{"name":"testClass","value":"e2e.TestProductSearchAndFilter"},{"name":"testMethod","value":"filterProductsByPrice"},{"name":"parentSuite","value":"Default Suite"},{"name":"suite","value":"WooCommerce"},{"name":"subSuite","value":"e2e.TestProductSearchAndFilter"},{"name":"host","value":"I7-14700K"},{"name":"thread","value":"44144@I7-14700K.main(1)"},{"name":"framework","value":"testng"},{"name":"language","value":"java"}],"links":[],"name":"filterProductsByPrice","status":"broken","statusDetails":{"known":false,"muted":false,"flaky":false,"message":"Error communicating with the remote browser. It may have died.\nBuild info: version: '4.24.0', revision: '748ffc9bc3'\nSystem info: os.name: 'Windows 11', os.arch: 'amd64', os.version: '10.0', java.version: '21.0.4'\nDriver info: org.openqa.selenium.chrome.ChromeDriver\nCommand: [1172015d85d66d0a2d302408c36bead6, executeScript [script, args]]\nCapabilities {acceptInsecureCerts: false, browserName: chrome, browserVersion: 128.0.6613.121, chrome: {chromedriverVersion: 127.0.6533.88 (a2d0cb026721..., userDataDir: C:\\Users\\ADMIN\\AppData\\Loca...}, fedcm:accounts: true, goog:chromeOptions: {debuggerAddress: localhost:53814}, networkConnectionEnabled: false, pageLoadStrategy: normal, platformName: windows, proxy: Proxy(), se:cdp: ws://localhost:53814/devtoo..., se:cdpVersion: 128.0.6613.121, setWindowRect: true, strictFileInteractability: false, timeouts: {implicit: 0, pageLoad: 300000, script: 30000}, unhandledPromptBehavior: dismiss and notify, webauthn:extension:credBlob: true, webauthn:extension:largeBlob: true, webauthn:extension:minPinLength: true, webauthn:extension:prf: true, webauthn:virtualAuthenticators: true}\nSession ID: 1172015d85d66d0a2d302408c36bead6","trace":"org.openqa.selenium.remote.UnreachableBrowserException: Error communicating with the remote browser. It may have died.\nBuild info: version: '4.24.0', revision: '748ffc9bc3'\nSystem info: os.name: 'Windows 11', os.arch: 'amd64', os.version: '10.0', java.version: '21.0.4'\nDriver info: org.openqa.selenium.chrome.ChromeDriver\nCommand: [1172015d85d66d0a2d302408c36bead6, executeScript [script, args]]\nCapabilities {acceptInsecureCerts: false, browserName: chrome, browserVersion: 128.0.6613.121, chrome: {chromedriverVersion: 127.0.6533.88 (a2d0cb026721..., userDataDir: C:\\Users\\ADMIN\\AppData\\Loca...}, fedcm:accounts: true, goog:chromeOptions: {debuggerAddress: localhost:53814}, networkConnectionEnabled: false, pageLoadStrategy: normal, platformName: windows, proxy: Proxy(), se:cdp: ws://localhost:53814/devtoo..., se:cdpVersion: 128.0.6613.121, setWindowRect: true, strictFileInteractability: false, timeouts: {implicit: 0, pageLoad: 300000, script: 30000}, unhandledPromptBehavior: dismiss and notify, webauthn:extension:credBlob: true, webauthn:extension:largeBlob: true, webauthn:extension:minPinLength: true, webauthn:extension:prf: true, webauthn:virtualAuthenticators: true}\nSession ID: 1172015d85d66d0a2d302408c36bead6\r\n\tat org.openqa.selenium.remote.RemoteWebDriver.execute(RemoteWebDriver.java:572)\r\n\tat org.openqa.selenium.remote.RemoteWebDriver.executeScript(RemoteWebDriver.java:476)\r\n\tat common.ActionBase.scrollByAmount(ActionBase.java:258)\r\n\tat pages.CategoryPage.scrollDownGradually(CategoryPage.java:156)\r\n\tat pages.CategoryPage.checkPriceInRangeOnCurrentPage(CategoryPage.java:192)\r\n\tat e2e.TestProductSearchAndFilter.filterProductsByPrice(TestProductSearchAndFilter.java:74)\r\n\tat java.base/jdk.internal.reflect.DirectMethodHandleAccessor.invoke(DirectMethodHandleAccessor.java:103)\r\n\tat java.base/java.lang.reflect.Method.invoke(Method.java:580)\r\n\tat org.testng.internal.invokers.MethodInvocationHelper.invokeMethod(MethodInvocationHelper.java:141)\r\n\tat org.testng.internal.invokers.TestInvoker.invokeMethod(TestInvoker.java:686)\r\n\tat org.testng.internal.invokers.TestInvoker.invokeTestMethod(TestInvoker.java:230)\r\n\tat org.testng.internal.invokers.MethodRunner.runInSequence(MethodRunner.java:63)\r\n\tat org.testng.internal.invokers.TestInvoker$MethodInvocationAgent.invoke(TestInvoker.java:992)\r\n\tat org.testng.internal.invokers.TestInvoker.invokeTestMethods(TestInvoker.java:203)\r\n\tat org.testng.internal.invokers.TestMethodWorker.invokeTestMethods(TestMethodWorker.java:154)\r\n\tat org.testng.internal.invokers.TestMethodWorker.run(TestMethodWorker.java:134)\r\n\tat java.base/java.util.ArrayList.forEach(ArrayList.java:1596)\r\n\tat org.testng.TestRunner.privateRun(TestRunner.java:739)\r\n\tat org.testng.TestRunner.run(TestRunner.java:614)\r\n\tat org.testng.SuiteRunner.runTest(SuiteRunner.java:421)\r\n\tat org.testng.SuiteRunner.runSequentially(SuiteRunner.java:413)\r\n\tat org.testng.SuiteRunner.privateRun(SuiteRunner.java:373)\r\n\tat org.testng.SuiteRunner.run(SuiteRunner.java:312)\r\n\tat org.testng.SuiteRunnerWorker.runSuite(SuiteRunnerWorker.java:52)\r\n\tat org.testng.SuiteRunnerWorker.run(SuiteRunnerWorker.java:95)\r\n\tat org.testng.TestNG.runSuitesSequentially(TestNG.java:1274)\r\n\tat org.testng.TestNG.runSuitesLocally(TestNG.java:1208)\r\n\tat org.testng.TestNG.runSuites(TestNG.java:1112)\r\n\tat org.testng.TestNG.run(TestNG.java:1079)\r\n\tat com.intellij.rt.testng.IDEARemoteTestNG.run(IDEARemoteTestNG.java:65)\r\n\tat com.intellij.rt.testng.RemoteTestNGStarter.main(RemoteTestNGStarter.java:105)\r\nCaused by: java.io.UncheckedIOException: java.net.ConnectException\r\n\tat org.openqa.selenium.remote.http.jdk.JdkHttpClient.execute0(JdkHttpClient.java:458)\r\n\tat org.openqa.selenium.remote.http.AddSeleniumUserAgent.lambda$apply$0(AddSeleniumUserAgent.java:42)\r\n\tat org.openqa.selenium.remote.http.Filter.lambda$andFinally$1(Filter.java:55)\r\n\tat org.openqa.selenium.remote.http.jdk.JdkHttpClient.execute(JdkHttpClient.java:374)\r\n\tat org.openqa.selenium.remote.HttpCommandExecutor.execute(HttpCommandExecutor.java:187)\r\n\tat org.openqa.selenium.remote.service.DriverCommandExecutor.invokeExecute(DriverCommandExecutor.java:216)\r\n\tat org.openqa.selenium.remote.service.DriverCommandExecutor.execute(DriverCommandExecutor.java:174)\r\n\tat org.openqa.selenium.remote.RemoteWebDriver.execute(RemoteWebDriver.java:545)\r\n\t... 30 more\r\nCaused by: java.net.ConnectException\r\n\tat java.net.http/jdk.internal.net.http.common.Utils.toConnectException(Utils.java:1028)\r\n\tat java.net.http/jdk.internal.net.http.PlainHttpConnection.connectAsync(PlainHttpConnection.java:227)\r\n\tat java.net.http/jdk.internal.net.http.PlainHttpConnection.checkRetryConnect(PlainHttpConnection.java:280)\r\n\tat java.net.http/jdk.internal.net.http.PlainHttpConnection.lambda$connectAsync$2(PlainHttpConnection.java:238)\r\n\tat java.base/java.util.concurrent.CompletableFuture.uniHandle(CompletableFuture.java:934)\r\n\tat java.base/java.util.concurrent.CompletableFuture$UniHandle.tryFire(CompletableFuture.java:911)\r\n\tat java.base/java.util.concurrent.CompletableFuture.postComplete(CompletableFuture.java:510)\r\n\tat java.base/java.util.concurrent.CompletableFuture$AsyncSupply.run(CompletableFuture.java:1773)\r\n\tat java.base/java.util.concurrent.ThreadPoolExecutor.runWorker(ThreadPoolExecutor.java:1144)\r\n\tat java.base/java.util.concurrent.ThreadPoolExecutor$Worker.run(ThreadPoolExecutor.java:642)\r\n\tat java.base/java.lang.Thread.run(Thread.java:1583)\r\nCaused by: java.nio.channels.ClosedChannelException\r\n\tat java.base/sun.nio.ch.SocketChannelImpl.ensureOpen(SocketChannelImpl.java:202)\r\n\tat java.base/sun.nio.ch.SocketChannelImpl.beginConnect(SocketChannelImpl.java:786)\r\n\tat java.base/sun.nio.ch.SocketChannelImpl.connect(SocketChannelImpl.java:874)\r\n\tat java.net.http/jdk.internal.net.http.PlainHttpConnection.lambda$connectAsync$1(PlainHttpConnection.java:210)\r\n\tat java.base/java.security.AccessController.doPrivileged(AccessController.java:571)\r\n\tat java.net.http/jdk.internal.net.http.PlainHttpConnection.connectAsync(PlainHttpConnection.java:212)\r\n\t... 9 more\r\n"},"stage":"finished","description":"Test Case: Filter products by 'Price' and verify it is displayed","steps":[],"attachments":[],"parameters":[{"name":"arg2","value":"299"},{"name":"arg1","value":"200"},{"name":"arg0","value":"$200 - $299"}],"start":1726064412516,"stop":1726064433271}